<?xml version="1.0" encoding="UTF-8"?>
<testng-results ignored="0" total="1" passed="1" failed="0" skipped="0">
  <reporter-output>
  </reporter-output>
  <suite started-at="2022-12-06T21:27:32 EST" name="Default suite" finished-at="2022-12-06T21:27:36 EST" duration-ms="4394">
    <groups>
    </groups>
    <test started-at="2022-12-06T21:27:32 EST" name="Default test" finished-at="2022-12-06T21:27:36 EST" duration-ms="4394">
      <class name="lesson20.ComplexActions">
        <test-method is-config="true" signature="setup()[pri:0, instance:lesson20.ComplexActions@44821a96]" started-at="2022-12-06T21:27:32 EST" name="setup" finished-at="2022-12-06T21:27:35 EST" duration-ms="2848" status="PASS">
          <reporter-output>
          </reporter-output>
        </test-method> <!-- setup -->
        <test-method signature="test1()[pri:0, instance:lesson20.ComplexActions@44821a96]" started-at="2022-12-06T21:27:35 EST" name="test1" finished-at="2022-12-06T21:27:36 EST" duration-ms="1513" status="PASS">
          <reporter-output>
          </reporter-output>
        </test-method> <!-- test1 -->
      </class> <!-- lesson20.ComplexActions -->
    </test> <!-- Default test -->
  </suite> <!-- Default suite -->
</testng-results>
